<?xml version="1.0" encoding="UTF-8"?>
<!-- Generated by org.testng.reporters.JUnitReportReporter -->
<testsuite hostname="DESKTOP-B0PFRS0" failures="0" tests="3" name="org.TestNG.practices.TestNGClassPractice1Test" time="0.026" errors="0" timestamp="19 Jul 2022 10:44:54 GMT">
  <testcase classname="org.TestNG.practices.TestNGClassPractice1Test" name="Test1" time="0.017"/>
  <testcase classname="org.TestNG.practices.TestNGClassPractice1Test" name="Test2" time="0.006"/>
  <testcase classname="org.TestNG.practices.TestNGClassPractice1Test" name="Test3" time="0.003"/>
</testsuite> <!-- org.TestNG.practices.TestNGClassPractice1Test -->
